#
# There is insufficient memory for the Java Runtime Environment to continue.
# Native memory allocation (malloc) failed to allocate 349296 bytes for Chunk::new
# Possible reasons:
#   The system is out of physical RAM or swap space
#   The process is running with CompressedOops enabled, and the Java Heap may be blocking the growth of the native heap
# Possible solutions:
#   Reduce memory load on the system
#   Increase physical memory or swap space
#   Check if swap backing store is full
#   Decrease Java heap size (-Xmx/-Xms)
#   Decrease number of Java threads
#   Decrease Java thread stack sizes (-Xss)
#   Set larger code cache with -XX:ReservedCodeCacheSize=
#   JVM is running with Unscaled Compressed Oops mode in which the Java heap is
#     placed in the first 4GB address space. The Java Heap base address is the
#     maximum limit for the native heap growth. Please use -XX:HeapBaseMinAddress
#     to set the Java Heap base and to place the Java Heap above 4GB virtual address.
# This output file may be truncated or incomplete.
#
#  Out of Memory Error (t:/workspace/open/src/hotspot/share/memory/arena.cpp:197), pid=624, tid=2384
#
# JRE version: Java(TM) SE Runtime Environment (11.0.6+8) (build 11.0.6+8-LTS)
# Java VM: Java HotSpot(TM) 64-Bit Server VM (11.0.6+8-LTS, mixed mode, tiered, compressed oops, g1 gc, windows-amd64)
# No core dump will be written. Minidumps are not enabled by default on client versions of Windows
#

---------------  S U M M A R Y ------------

Command Line: -javaagent:C:\Program Files\JetBrains\IntelliJ IDEA Community Edition 2020.1.3\lib\idea_rt.jar=56336:C:\Program Files\JetBrains\IntelliJ IDEA Community Edition 2020.1.3\bin -Dfile.encoding=UTF-8 pl.adcom.sbmocktest.SbMockTestApplication

Host: Intel(R) Core(TM) i5-3320M CPU @ 2.60GHz, 4 cores, 7G,  Windows 10 , 64 bit Build 18362 (10.0.18362.959)
Time: Sun Aug 23 23:47:01 2020 ?rodkowoeuropejski czas letni elapsed time: 1 seconds (0d 0h 0m 1s)

---------------  T H R E A D  ---------------

Current thread (0x000001604b51c800):  JavaThread "C2 CompilerThread0" daemon [_thread_in_native, id=2384, stack(0x0000002571200000,0x0000002571300000)]


Current CompileTask:
C2:   1636  679       4       java.util.jar.JarFile::getEntry (22 bytes)

Stack: [0x0000002571200000,0x0000002571300000]
Native frames: (J=compiled Java code, j=interpreted, Vv=VM code, C=native code)
V  [jvm.dll+0x63679a]
V  [jvm.dll+0x7755bf]
V  [jvm.dll+0x776c65]
V  [jvm.dll+0x7772d3]
V  [jvm.dll+0x25e7f8]
V  [jvm.dll+0xc1c01]
V  [jvm.dll+0xc219c]
V  [jvm.dll+0x2cf424]
V  [jvm.dll+0x552d3f]
V  [jvm.dll+0x21a49f]
V  [jvm.dll+0x2173d6]
V  [jvm.dll+0x193a2c]
V  [jvm.dll+0x226544]
V  [jvm.dll+0x224b28]
V  [jvm.dll+0x73a9c5]
V  [jvm.dll+0x733905]
V  [jvm.dll+0x635846]
C  [ucrtbase.dll+0x20e82]
C  [KERNEL32.DLL+0x17bd4]
C  [ntdll.dll+0x6ce51]


---------------  P R O C E S S  ---------------

Threads class SMR info:
_java_thread_list=0x000001604c0a07b0, length=11, elements={
0x000001602d121800, 0x000001604b4d7800, 0x000001604b504800, 0x000001604be83000,
0x000001604b51b000, 0x000001604b51c800, 0x000001604b524800, 0x000001604b528800,
0x000001604bfdf000, 0x000001604c23b000, 0x000001604c23c000
}

Java Threads: ( => current thread )
  0x000001602d121800 JavaThread "main" [_thread_in_native, id=6912, stack(0x0000002570700000,0x0000002570800000)]
  0x000001604b4d7800 JavaThread "Reference Handler" daemon [_thread_blocked, id=11756, stack(0x0000002570e00000,0x0000002570f00000)]
  0x000001604b504800 JavaThread "Finalizer" daemon [_thread_blocked, id=12232, stack(0x0000002570f00000,0x0000002571000000)]
  0x000001604be83000 JavaThread "Signal Dispatcher" daemon [_thread_blocked, id=10184, stack(0x0000002571000000,0x0000002571100000)]
  0x000001604b51b000 JavaThread "Attach Listener" daemon [_thread_blocked, id=10396, stack(0x0000002571100000,0x0000002571200000)]
=>0x000001604b51c800 JavaThread "C2 CompilerThread0" daemon [_thread_in_native, id=2384, stack(0x0000002571200000,0x0000002571300000)]
  0x000001604b524800 JavaThread "C1 CompilerThread0" daemon [_thread_blocked, id=2152, stack(0x0000002571300000,0x0000002571400000)]
  0x000001604b528800 JavaThread "Sweeper thread" daemon [_thread_blocked, id=12200, stack(0x0000002571400000,0x0000002571500000)]
  0x000001604bfdf000 JavaThread "Common-Cleaner" daemon [_thread_blocked, id=3252, stack(0x0000002571500000,0x0000002571600000)]
  0x000001604c23b000 JavaThread "Monitor Ctrl-Break" daemon [_thread_in_native, id=5220, stack(0x0000002571600000,0x0000002571700000)]
  0x000001604c23c000 JavaThread "Service Thread" daemon [_thread_blocked, id=11628, stack(0x0000002571700000,0x0000002571800000)]

Other Threads:
  0x000001604b4d2800 VMThread "VM Thread" [stack: 0x0000002570d00000,0x0000002570e00000] [id=7780]
  0x000001604c23d000 WatcherThread [stack: 0x0000002571800000,0x0000002571900000] [id=6516]
  0x000001602d139800 GCTaskThread "GC Thread#0" [stack: 0x0000002570800000,0x0000002570900000] [id=6920]
  0x000001604c951800 GCTaskThread "GC Thread#1" [stack: 0x0000002571900000,0x0000002571a00000] [id=2084]
  0x000001604c707000 GCTaskThread "GC Thread#2" [stack: 0x0000002571a00000,0x0000002571b00000] [id=9620]
  0x000001602d169000 ConcurrentGCThread "G1 Main Marker" [stack: 0x0000002570900000,0x0000002570a00000] [id=11284]
  0x000001602d16a800 ConcurrentGCThread "G1 Conc#0" [stack: 0x0000002570a00000,0x0000002570b00000] [id=11080]
  0x000001602d1ed800 ConcurrentGCThread "G1 Refine#0" [stack: 0x0000002570b00000,0x0000002570c00000] [id=10260]
  0x000001604c239000 ConcurrentGCThread "G1 Refine#1" [stack: 0x0000002571b00000,0x0000002571c00000] [id=6872]
  0x000001604b340800 ConcurrentGCThread "G1 Young RemSet Sampling" [stack: 0x0000002570c00000,0x0000002570d00000] [id=3144]

Threads with active compile tasks:
C2 CompilerThread0 679       4       java.util.jar.JarFile::getEntry (22 bytes)

VM state:not at safepoint (normal execution)

VM Mutex/Monitor currently owned by a thread: None

Heap address: 0x0000000081800000, size: 2024 MB, Compressed Oops mode: 32-bit
Narrow klass base: 0x0000000000000000, Narrow klass shift: 3
Compressed class space size: 1073741824 Address: 0x0000000100000000

Heap:
 garbage-first heap   total 131072K, used 6934K [0x0000000081800000, 0x0000000100000000)
  region size 1024K, 5 young (5120K), 2 survivors (2048K)
 Metaspace       used 10873K, capacity 11037K, committed 11136K, reserved 1060864K
  class space    used 1016K, capacity 1061K, committed 1152K, reserved 1048576K
Heap Regions: E=young(eden), S=young(survivor), O=old, HS=humongous(starts), HC=humongous(continues), CS=collection set, F=free, A=archive, TAMS=top-at-mark-start (previous, next)
|   0|0x0000000081800000, 0x0000000081900000, 0x0000000081900000|100%| O|  |TAMS 0x0000000081800000, 0x0000000081800000| Untracked 
|   1|0x0000000081900000, 0x0000000081a00000, 0x0000000081a00000|100%| O|  |TAMS 0x0000000081900000, 0x0000000081900000| Untracked 
|   2|0x0000000081a00000, 0x0000000081ac5800, 0x0000000081b00000| 77%| O|  |TAMS 0x0000000081a00000, 0x0000000081a00000| Untracked 
|   3|0x0000000081b00000, 0x0000000081b00000, 0x0000000081c00000|  0%| F|  |TAMS 0x0000000081b00000, 0x0000000081b00000| Untracked 
|   4|0x0000000081c00000, 0x0000000081c00000, 0x0000000081d00000|  0%| F|  |TAMS 0x0000000081c00000, 0x0000000081c00000| Untracked 
|   5|0x0000000081d00000, 0x0000000081d00000, 0x0000000081e00000|  0%| F|  |TAMS 0x0000000081d00000, 0x0000000081d00000| Untracked 
|   6|0x0000000081e00000, 0x0000000081e00000, 0x0000000081f00000|  0%| F|  |TAMS 0x0000000081e00000, 0x0000000081e00000| Untracked 
|   7|0x0000000081f00000, 0x0000000081f00000, 0x0000000082000000|  0%| F|  |TAMS 0x0000000081f00000, 0x0000000081f00000| Untracked 
|   8|0x0000000082000000, 0x0000000082000000, 0x0000000082100000|  0%| F|  |TAMS 0x0000000082000000, 0x0000000082000000| Untracked 
|   9|0x0000000082100000, 0x0000000082100000, 0x0000000082200000|  0%| F|  |TAMS 0x0000000082100000, 0x0000000082100000| Untracked 
|  10|0x0000000082200000, 0x0000000082200000, 0x0000000082300000|  0%| F|  |TAMS 0x0000000082200000, 0x0000000082200000| Untracked 
|  11|0x0000000082300000, 0x0000000082300000, 0x0000000082400000|  0%| F|  |TAMS 0x0000000082300000, 0x0000000082300000| Untracked 
|  12|0x0000000082400000, 0x0000000082400000, 0x0000000082500000|  0%| F|  |TAMS 0x0000000082400000, 0x0000000082400000| Untracked 
|  13|0x0000000082500000, 0x0000000082500000, 0x0000000082600000|  0%| F|  |TAMS 0x0000000082500000, 0x0000000082500000| Untracked 
|  14|0x0000000082600000, 0x0000000082600000, 0x0000000082700000|  0%| F|  |TAMS 0x0000000082600000, 0x0000000082600000| Untracked 
|  15|0x0000000082700000, 0x0000000082700000, 0x0000000082800000|  0%| F|  |TAMS 0x0000000082700000, 0x0000000082700000| Untracked 
|  16|0x0000000082800000, 0x0000000082800000, 0x0000000082900000|  0%| F|  |TAMS 0x0000000082800000, 0x0000000082800000| Untracked 
|  17|0x0000000082900000, 0x0000000082900000, 0x0000000082a00000|  0%| F|  |TAMS 0x0000000082900000, 0x0000000082900000| Untracked 
|  18|0x0000000082a00000, 0x0000000082a00000, 0x0000000082b00000|  0%| F|  |TAMS 0x0000000082a00000, 0x0000000082a00000| Untracked 
|  19|0x0000000082b00000, 0x0000000082b00000, 0x0000000082c00000|  0%| F|  |TAMS 0x0000000082b00000, 0x0000000082b00000| Untracked 
|  20|0x0000000082c00000, 0x0000000082c00000, 0x0000000082d00000|  0%| F|  |TAMS 0x0000000082c00000, 0x0000000082c00000| Untracked 
|  21|0x0000000082d00000, 0x0000000082d00000, 0x0000000082e00000|  0%| F|  |TAMS 0x0000000082d00000, 0x0000000082d00000| Untracked 
|  22|0x0000000082e00000, 0x0000000082e00000, 0x0000000082f00000|  0%| F|  |TAMS 0x0000000082e00000, 0x0000000082e00000| Untracked 
|  23|0x0000000082f00000, 0x0000000082f00000, 0x0000000083000000|  0%| F|  |TAMS 0x0000000082f00000, 0x0000000082f00000| Untracked 
|  24|0x0000000083000000, 0x0000000083000000, 0x0000000083100000|  0%| F|  |TAMS 0x0000000083000000, 0x0000000083000000| Untracked 
|  25|0x0000000083100000, 0x0000000083100000, 0x0000000083200000|  0%| F|  |TAMS 0x0000000083100000, 0x0000000083100000| Untracked 
|  26|0x0000000083200000, 0x0000000083200000, 0x0000000083300000|  0%| F|  |TAMS 0x0000000083200000, 0x0000000083200000| Untracked 
|  27|0x0000000083300000, 0x0000000083300000, 0x0000000083400000|  0%| F|  |TAMS 0x0000000083300000, 0x0000000083300000| Untracked 
|  28|0x0000000083400000, 0x0000000083400000, 0x0000000083500000|  0%| F|  |TAMS 0x0000000083400000, 0x0000000083400000| Untracked 
|  29|0x0000000083500000, 0x0000000083500000, 0x0000000083600000|  0%| F|  |TAMS 0x0000000083500000, 0x0000000083500000| Untracked 
|  30|0x0000000083600000, 0x0000000083600000, 0x0000000083700000|  0%| F|  |TAMS 0x0000000083600000, 0x0000000083600000| Untracked 
|  31|0x0000000083700000, 0x0000000083700000, 0x0000000083800000|  0%| F|  |TAMS 0x0000000083700000, 0x0000000083700000| Untracked 
|  32|0x0000000083800000, 0x0000000083800000, 0x0000000083900000|  0%| F|  |TAMS 0x0000000083800000, 0x0000000083800000| Untracked 
|  33|0x0000000083900000, 0x0000000083900000, 0x0000000083a00000|  0%| F|  |TAMS 0x0000000083900000, 0x0000000083900000| Untracked 
|  34|0x0000000083a00000, 0x0000000083a00000, 0x0000000083b00000|  0%| F|  |TAMS 0x0000000083a00000, 0x0000000083a00000| Untracked 
|  35|0x0000000083b00000, 0x0000000083b00000, 0x0000000083c00000|  0%| F|  |TAMS 0x0000000083b00000, 0x0000000083b00000| Untracked 
|  36|0x0000000083c00000, 0x0000000083c00000, 0x0000000083d00000|  0%| F|  |TAMS 0x0000000083c00000, 0x0000000083c00000| Untracked 
|  37|0x0000000083d00000, 0x0000000083d00000, 0x0000000083e00000|  0%| F|  |TAMS 0x0000000083d00000, 0x0000000083d00000| Untracked 
|  38|0x0000000083e00000, 0x0000000083e00000, 0x0000000083f00000|  0%| F|  |TAMS 0x0000000083e00000, 0x0000000083e00000| Untracked 
|  39|0x0000000083f00000, 0x0000000083f00000, 0x0000000084000000|  0%| F|  |TAMS 0x0000000083f00000, 0x0000000083f00000| Untracked 
|  40|0x0000000084000000, 0x0000000084000000, 0x0000000084100000|  0%| F|  |TAMS 0x0000000084000000, 0x0000000084000000| Untracked 
|  41|0x0000000084100000, 0x0000000084100000, 0x0000000084200000|  0%| F|  |TAMS 0x0000000084100000, 0x0000000084100000| Untracked 
|  42|0x0000000084200000, 0x0000000084200000, 0x0000000084300000|  0%| F|  |TAMS 0x0000000084200000, 0x0000000084200000| Untracked 
|  43|0x0000000084300000, 0x0000000084300000, 0x0000000084400000|  0%| F|  |TAMS 0x0000000084300000, 0x0000000084300000| Untracked 
|  44|0x0000000084400000, 0x0000000084400000, 0x0000000084500000|  0%| F|  |TAMS 0x0000000084400000, 0x0000000084400000| Untracked 
|  45|0x0000000084500000, 0x0000000084500000, 0x0000000084600000|  0%| F|  |TAMS 0x0000000084500000, 0x0000000084500000| Untracked 
|  46|0x0000000084600000, 0x0000000084600000, 0x0000000084700000|  0%| F|  |TAMS 0x0000000084600000, 0x0000000084600000| Untracked 
|  47|0x0000000084700000, 0x0000000084700000, 0x0000000084800000|  0%| F|  |TAMS 0x0000000084700000, 0x0000000084700000| Untracked 
|  48|0x0000000084800000, 0x0000000084800000, 0x0000000084900000|  0%| F|  |TAMS 0x0000000084800000, 0x0000000084800000| Untracked 
|  49|0x0000000084900000, 0x0000000084900000, 0x0000000084a00000|  0%| F|  |TAMS 0x0000000084900000, 0x0000000084900000| Untracked 
|  50|0x0000000084a00000, 0x0000000084a00000, 0x0000000084b00000|  0%| F|  |TAMS 0x0000000084a00000, 0x0000000084a00000| Untracked 
|  51|0x0000000084b00000, 0x0000000084b00000, 0x0000000084c00000|  0%| F|  |TAMS 0x0000000084b00000, 0x0000000084b00000| Untracked 
|  52|0x0000000084c00000, 0x0000000084c00000, 0x0000000084d00000|  0%| F|  |TAMS 0x0000000084c00000, 0x0000000084c00000| Untracked 
|  53|0x0000000084d00000, 0x0000000084d00000, 0x0000000084e00000|  0%| F|  |TAMS 0x0000000084d00000, 0x0000000084d00000| Untracked 
|  54|0x0000000084e00000, 0x0000000084e00000, 0x0000000084f00000|  0%| F|  |TAMS 0x0000000084e00000, 0x0000000084e00000| Untracked 
|  55|0x0000000084f00000, 0x0000000084f00000, 0x0000000085000000|  0%| F|  |TAMS 0x0000000084f00000, 0x0000000084f00000| Untracked 
|  56|0x0000000085000000, 0x0000000085000000, 0x0000000085100000|  0%| F|  |TAMS 0x0000000085000000, 0x0000000085000000| Untracked 
|  57|0x0000000085100000, 0x0000000085100000, 0x0000000085200000|  0%| F|  |TAMS 0x0000000085100000, 0x0000000085100000| Untracked 
|  58|0x0000000085200000, 0x0000000085200000, 0x0000000085300000|  0%| F|  |TAMS 0x0000000085200000, 0x0000000085200000| Untracked 
|  59|0x0000000085300000, 0x0000000085300000, 0x0000000085400000|  0%| F|  |TAMS 0x0000000085300000, 0x0000000085300000| Untracked 
|  60|0x0000000085400000, 0x0000000085400000, 0x0000000085500000|  0%| F|  |TAMS 0x0000000085400000, 0x0000000085400000| Untracked 
|  61|0x0000000085500000, 0x0000000085500000, 0x0000000085600000|  0%| F|  |TAMS 0x0000000085500000, 0x0000000085500000| Untracked 
|  62|0x0000000085600000, 0x0000000085600000, 0x0000000085700000|  0%| F|  |TAMS 0x0000000085600000, 0x0000000085600000| Untracked 
|  63|0x0000000085700000, 0x0000000085700000, 0x0000000085800000|  0%| F|  |TAMS 0x0000000085700000, 0x0000000085700000| Untracked 
|  64|0x0000000085800000, 0x0000000085800000, 0x0000000085900000|  0%| F|  |TAMS 0x0000000085800000, 0x0000000085800000| Untracked 
|  65|0x0000000085900000, 0x0000000085900000, 0x0000000085a00000|  0%| F|  |TAMS 0x0000000085900000, 0x0000000085900000| Untracked 
|  66|0x0000000085a00000, 0x0000000085a00000, 0x0000000085b00000|  0%| F|  |TAMS 0x0000000085a00000, 0x0000000085a00000| Untracked 
|  67|0x0000000085b00000, 0x0000000085b00000, 0x0000000085c00000|  0%| F|  |TAMS 0x0000000085b00000, 0x0000000085b00000| Untracked 
|  68|0x0000000085c00000, 0x0000000085c00000, 0x0000000085d00000|  0%| F|  |TAMS 0x0000000085c00000, 0x0000000085c00000| Untracked 
|  69|0x0000000085d00000, 0x0000000085d00000, 0x0000000085e00000|  0%| F|  |TAMS 0x0000000085d00000, 0x0000000085d00000| Untracked 
|  70|0x0000000085e00000, 0x0000000085e00000, 0x0000000085f00000|  0%| F|  |TAMS 0x0000000085e00000, 0x0000000085e00000| Untracked 
|  71|0x0000000085f00000, 0x0000000085f00000, 0x0000000086000000|  0%| F|  |TAMS 0x0000000085f00000, 0x0000000085f00000| Untracked 
|  72|0x0000000086000000, 0x0000000086000000, 0x0000000086100000|  0%| F|  |TAMS 0x0000000086000000, 0x0000000086000000| Untracked 
|  73|0x0000000086100000, 0x0000000086100000, 0x0000000086200000|  0%| F|  |TAMS 0x0000000086100000, 0x0000000086100000| Untracked 
|  74|0x0000000086200000, 0x0000000086200000, 0x0000000086300000|  0%| F|  |TAMS 0x0000000086200000, 0x0000000086200000| Untracked 
|  75|0x0000000086300000, 0x0000000086300000, 0x0000000086400000|  0%| F|  |TAMS 0x0000000086300000, 0x0000000086300000| Untracked 
|  76|0x0000000086400000, 0x0000000086400000, 0x0000000086500000|  0%| F|  |TAMS 0x0000000086400000, 0x0000000086400000| Untracked 
|  77|0x0000000086500000, 0x0000000086500000, 0x0000000086600000|  0%| F|  |TAMS 0x0000000086500000, 0x0000000086500000| Untracked 
|  78|0x0000000086600000, 0x0000000086600000, 0x0000000086700000|  0%| F|  |TAMS 0x0000000086600000, 0x0000000086600000| Untracked 
|  79|0x0000000086700000, 0x0000000086700000, 0x0000000086800000|  0%| F|  |TAMS 0x0000000086700000, 0x0000000086700000| Untracked 
|  80|0x0000000086800000, 0x0000000086800000, 0x0000000086900000|  0%| F|  |TAMS 0x0000000086800000, 0x0000000086800000| Untracked 
|  81|0x0000000086900000, 0x0000000086900000, 0x0000000086a00000|  0%| F|  |TAMS 0x0000000086900000, 0x0000000086900000| Untracked 
|  82|0x0000000086a00000, 0x0000000086a00000, 0x0000000086b00000|  0%| F|  |TAMS 0x0000000086a00000, 0x0000000086a00000| Untracked 
|  83|0x0000000086b00000, 0x0000000086b00000, 0x0000000086c00000|  0%| F|  |TAMS 0x0000000086b00000, 0x0000000086b00000| Untracked 
|  84|0x0000000086c00000, 0x0000000086c00000, 0x0000000086d00000|  0%| F|  |TAMS 0x0000000086c00000, 0x0000000086c00000| Untracked 
|  85|0x0000000086d00000, 0x0000000086d00000, 0x0000000086e00000|  0%| F|  |TAMS 0x0000000086d00000, 0x0000000086d00000| Untracked 
|  86|0x0000000086e00000, 0x0000000086e00000, 0x0000000086f00000|  0%| F|  |TAMS 0x0000000086e00000, 0x0000000086e00000| Untracked 
|  87|0x0000000086f00000, 0x0000000086f00000, 0x0000000087000000|  0%| F|  |TAMS 0x0000000086f00000, 0x0000000086f00000| Untracked 
|  88|0x0000000087000000, 0x0000000087000000, 0x0000000087100000|  0%| F|  |TAMS 0x0000000087000000, 0x0000000087000000| Untracked 
|  89|0x0000000087100000, 0x0000000087100000, 0x0000000087200000|  0%| F|  |TAMS 0x0000000087100000, 0x0000000087100000| Untracked 
|  90|0x0000000087200000, 0x0000000087200000, 0x0000000087300000|  0%| F|  |TAMS 0x0000000087200000, 0x0000000087200000| Untracked 
|  91|0x0000000087300000, 0x0000000087300000, 0x0000000087400000|  0%| F|  |TAMS 0x0000000087300000, 0x0000000087300000| Untracked 
|  92|0x0000000087400000, 0x0000000087400000, 0x0000000087500000|  0%| F|  |TAMS 0x0000000087400000, 0x0000000087400000| Untracked 
|  93|0x0000000087500000, 0x0000000087500000, 0x0000000087600000|  0%| F|  |TAMS 0x0000000087500000, 0x0000000087500000| Untracked 
|  94|0x0000000087600000, 0x0000000087600000, 0x0000000087700000|  0%| F|  |TAMS 0x0000000087600000, 0x0000000087600000| Untracked 
|  95|0x0000000087700000, 0x0000000087700000, 0x0000000087800000|  0%| F|  |TAMS 0x0000000087700000, 0x0000000087700000| Untracked 
|  96|0x0000000087800000, 0x0000000087800000, 0x0000000087900000|  0%| F|  |TAMS 0x0000000087800000, 0x0000000087800000| Untracked 
|  97|0x0000000087900000, 0x0000000087900000, 0x0000000087a00000|  0%| F|  |TAMS 0x0000000087900000, 0x0000000087900000| Untracked 
|  98|0x0000000087a00000, 0x0000000087a00000, 0x0000000087b00000|  0%| F|  |TAMS 0x0000000087a00000, 0x0000000087a00000| Untracked 
|  99|0x0000000087b00000, 0x0000000087b00000, 0x0000000087c00000|  0%| F|  |TAMS 0x0000000087b00000, 0x0000000087b00000| Untracked 
| 100|0x0000000087c00000, 0x0000000087c00000, 0x0000000087d00000|  0%| F|  |TAMS 0x0000000087c00000, 0x0000000087c00000| Untracked 
| 101|0x0000000087d00000, 0x0000000087d00000, 0x0000000087e00000|  0%| F|  |TAMS 0x0000000087d00000, 0x0000000087d00000| Untracked 
| 102|0x0000000087e00000, 0x0000000087e00000, 0x0000000087f00000|  0%| F|  |TAMS 0x0000000087e00000, 0x0000000087e00000| Untracked 
| 103|0x0000000087f00000, 0x0000000087f00000, 0x0000000088000000|  0%| F|  |TAMS 0x0000000087f00000, 0x0000000087f00000| Untracked 
| 104|0x0000000088000000, 0x0000000088000000, 0x0000000088100000|  0%| F|  |TAMS 0x0000000088000000, 0x0000000088000000| Untracked 
| 105|0x0000000088100000, 0x0000000088100000, 0x0000000088200000|  0%| F|  |TAMS 0x0000000088100000, 0x0000000088100000| Untracked 
| 106|0x0000000088200000, 0x0000000088200000, 0x0000000088300000|  0%| F|  |TAMS 0x0000000088200000, 0x0000000088200000| Untracked 
| 107|0x0000000088300000, 0x0000000088300000, 0x0000000088400000|  0%| F|  |TAMS 0x0000000088300000, 0x0000000088300000| Untracked 
| 108|0x0000000088400000, 0x0000000088400000, 0x0000000088500000|  0%| F|  |TAMS 0x0000000088400000, 0x0000000088400000| Untracked 
| 109|0x0000000088500000, 0x0000000088500000, 0x0000000088600000|  0%| F|  |TAMS 0x0000000088500000, 0x0000000088500000| Untracked 
| 110|0x0000000088600000, 0x0000000088600000, 0x0000000088700000|  0%| F|  |TAMS 0x0000000088600000, 0x0000000088600000| Untracked 
| 111|0x0000000088700000, 0x0000000088700000, 0x0000000088800000|  0%| F|  |TAMS 0x0000000088700000, 0x0000000088700000| Untracked 
| 112|0x0000000088800000, 0x0000000088900000, 0x0000000088900000|100%| S|CS|TAMS 0x0000000088800000, 0x0000000088800000| Complete 
| 113|0x0000000088900000, 0x0000000088a00000, 0x0000000088a00000|100%| S|CS|TAMS 0x0000000088900000, 0x0000000088900000| Complete 
| 114|0x0000000088a00000, 0x0000000088a00000, 0x0000000088b00000|  0%| F|  |TAMS 0x0000000088a00000, 0x0000000088a00000| Untracked 
| 115|0x0000000088b00000, 0x0000000088b00000, 0x0000000088c00000|  0%| F|  |TAMS 0x0000000088b00000, 0x0000000088b00000| Untracked 
| 116|0x0000000088c00000, 0x0000000088c00000, 0x0000000088d00000|  0%| F|  |TAMS 0x0000000088c00000, 0x0000000088c00000| Untracked 
| 117|0x0000000088d00000, 0x0000000088d00000, 0x0000000088e00000|  0%| F|  |TAMS 0x0000000088d00000, 0x0000000088d00000| Untracked 
| 118|0x0000000088e00000, 0x0000000088e00000, 0x0000000088f00000|  0%| F|  |TAMS 0x0000000088e00000, 0x0000000088e00000| Untracked 
| 119|0x0000000088f00000, 0x0000000088f00000, 0x0000000089000000|  0%| F|  |TAMS 0x0000000088f00000, 0x0000000088f00000| Untracked 
| 120|0x0000000089000000, 0x0000000089000000, 0x0000000089100000|  0%| F|  |TAMS 0x0000000089000000, 0x0000000089000000| Untracked 
| 121|0x0000000089100000, 0x0000000089100000, 0x0000000089200000|  0%| F|  |TAMS 0x0000000089100000, 0x0000000089100000| Untracked 
| 122|0x0000000089200000, 0x0000000089200000, 0x0000000089300000|  0%| F|  |TAMS 0x0000000089200000, 0x0000000089200000| Untracked 
| 123|0x0000000089300000, 0x0000000089300000, 0x0000000089400000|  0%| F|  |TAMS 0x0000000089300000, 0x0000000089300000| Untracked 
| 124|0x0000000089400000, 0x0000000089400000, 0x0000000089500000|  0%| F|  |TAMS 0x0000000089400000, 0x0000000089400000| Untracked 
| 125|0x0000000089500000, 0x0000000089580800, 0x0000000089600000| 50%| E|  |TAMS 0x0000000089500000, 0x0000000089500000| Complete 
| 126|0x0000000089600000, 0x0000000089700000, 0x0000000089700000|100%| E|CS|TAMS 0x0000000089600000, 0x0000000089600000| Complete 
| 127|0x0000000089700000, 0x0000000089800000, 0x0000000089800000|100%| E|CS|TAMS 0x0000000089700000, 0x0000000089700000| Complete 

Card table byte_map: [0x00000160448a0000,0x0000016044ca0000] _byte_map_base: 0x0000016044494000

Marking Bits (Prev, Next): (CMBitMap*) 0x000001602d160388, (CMBitMap*) 0x000001602d1603c0
 Prev Bits: [0x00000160450a0000, 0x0000016047040000)
 Next Bits: [0x0000016047040000, 0x0000016048fe0000)

Polling page: 0x000001602b060000

Metaspace:

Usage:
  Non-class:      9.74 MB capacity,     9.63 MB ( 99%) used,   100.61 KB (  1%) free+waste,    11.31 KB ( <1%) overhead. 
      Class:      1.04 MB capacity,  1019.18 KB ( 96%) used,    36.88 KB (  3%) free+waste,     4.94 KB ( <1%) overhead. 
       Both:     10.78 MB capacity,    10.63 MB ( 99%) used,   137.49 KB (  1%) free+waste,    16.25 KB ( <1%) overhead. 

Virtual space:
  Non-class space:       12.00 MB reserved,       9.75 MB ( 81%) committed 
      Class space:        1.00 GB reserved,       1.13 MB ( <1%) committed 
             Both:        1.01 GB reserved,      10.88 MB (  1%) committed 

Chunk freelists:
   Non-Class:  1.00 KB
       Class:  0 bytes
        Both:  1.00 KB

CodeHeap 'non-profiled nmethods': size=120064Kb used=221Kb max_used=221Kb free=119843Kb
 bounds [0x000001603cf60000, 0x000001603d1d0000, 0x00000160444a0000]
CodeHeap 'profiled nmethods': size=120000Kb used=1517Kb max_used=1517Kb free=118482Kb
 bounds [0x0000016035a30000, 0x0000016035ca0000, 0x000001603cf60000]
CodeHeap 'non-nmethods': size=5696Kb used=1074Kb max_used=1087Kb free=4621Kb
 bounds [0x00000160354a0000, 0x0000016035710000, 0x0000016035a30000]
 total_blobs=1332 nmethods=775 adapters=284
 compilation: enabled
              stopped_count=0, restarted_count=0
 full_count=0

Compilation events (10 events):
Event: 1.605 Thread 0x000001604b524800  703       3       java.io.DataOutputStream::writeUTF (435 bytes)
Event: 1.608 Thread 0x000001604b524800 nmethod 703 0x0000016035b79290 code [0x0000016035b796e0, 0x0000016035b7bbe0]
Event: 1.609 Thread 0x000001604b524800  704       3       jdk.internal.reflect.ReflectionFactory::langReflectAccess (15 bytes)
Event: 1.609 Thread 0x000001604b524800 nmethod 704 0x0000016035b7c910 code [0x0000016035b7cac0, 0x0000016035b7ccd8]
Event: 1.611 Thread 0x000001604b524800  705       3       jdk.internal.ref.PhantomCleanable::clean (16 bytes)
Event: 1.611 Thread 0x000001604b524800 nmethod 705 0x0000016035b7cd90 code [0x0000016035b7cf60, 0x0000016035b7d280]
Event: 1.611 Thread 0x000001604b524800  706       3       jdk.internal.ref.CleanerImpl$PhantomCleanableRef::performCleanup (10 bytes)
Event: 1.611 Thread 0x000001604b524800 nmethod 706 0x0000016035b7d390 code [0x0000016035b7d560, 0x0000016035b7d790]
Event: 1.612 Thread 0x000001604b524800  707       3       sun.net.www.protocol.jar.Handler::checkNestedProtocol (18 bytes)
Event: 1.612 Thread 0x000001604b524800 nmethod 707 0x0000016035b7d890 code [0x0000016035b7da60, 0x0000016035b7dc90]

GC Heap History (0 events):
No events

Deoptimization events (6 events):
Event: 0.992 Thread 0x000001604b51b000 Uncommon trap: reason=unstable_if action=reinterpret pc=0x000001603cf61c10 method=java.lang.String.isLatin1()Z @ 10 c2
Event: 1.155 Thread 0x000001602d121800 Uncommon trap: reason=unstable_if action=reinterpret pc=0x000001603cf73900 method=java.io.WinNTFileSystem.isSlash(C)Z @ 9 c2
Event: 1.156 Thread 0x000001602d121800 Uncommon trap: reason=unstable_if action=reinterpret pc=0x000001603cf81468 method=java.io.BufferedReader.read()I @ 19 c2
Event: 1.168 Thread 0x000001602d121800 Uncommon trap: reason=unstable_if action=reinterpret pc=0x000001603cf7a184 method=java.lang.StringCoding.hasNegatives([BII)Z @ 12 c2
Event: 1.168 Thread 0x000001602d121800 Uncommon trap: reason=unstable_if action=reinterpret pc=0x000001603cf7f3b8 method=java.lang.StringUTF16.compress([CI[BII)I @ 20 c2
Event: 1.274 Thread 0x000001602d121800 Uncommon trap: reason=unstable_if action=reinterpret pc=0x000001603cf74694 method=java.lang.StringLatin1.canEncode(I)Z @ 4 c2

Classes redefined (0 events):
No events

Internal exceptions (3 events):
Event: 1.153 Thread 0x000001602d121800 Exception <a 'java/lang/ClassNotFoundException'{0x000000008909fba0}: javax/smartcardio/CardPermission> (0x000000008909fba0) thrown at [t:/workspace/open/src/hotspot/share/classfile/systemDictionary.cpp, line 231]
Event: 1.168 Thread 0x000001602d121800 Exception <a 'java/io/FileNotFoundException'{0x00000000890ae038}> (0x00000000890ae038) thrown at [t:/workspace/open/src/hotspot/share/prims/jni.cpp, line 615]
Event: 1.489 Thread 0x000001602d121800 Exception <a 'java/lang/NoSuchMethodError'{0x0000000088b1f6e8}: java.lang.invoke.DirectMethodHandle$Holder.invokeStaticInit(Ljava/lang/Object;Ljava/lang/Object;)I> (0x0000000088b1f6e8) thrown at [t:/workspace/open/src/hotspot/share/interpreter/linkResolve

Events (10 events):
Event: 1.600 loading class java/lang/annotation/Target
Event: 1.600 loading class java/lang/annotation/Target done
Event: 1.609 loading class org/springframework/boot/ClearCachesApplicationListener
Event: 1.609 loading class org/springframework/boot/ClearCachesApplicationListener done
Event: 1.610 loading class org/springframework/boot/builder/ParentContextCloserApplicationListener
Event: 1.610 loading class org/springframework/boot/builder/ParentContextCloserApplicationListener done
Event: 1.612 loading class org/springframework/context/ApplicationContextAware
Event: 1.612 loading class org/springframework/context/ApplicationContextAware done
Event: 1.612 loading class org/springframework/beans/factory/Aware
Event: 1.612 loading class org/springframework/beans/factory/Aware done


Dynamic libraries:
0x00007ff6d0f40000 - 0x00007ff6d0f87000 	C:\Program Files\Java\jdk-11.0.6\bin\java.exe
0x00007ffa53dc0000 - 0x00007ffa53fb0000 	C:\WINDOWS\SYSTEM32\ntdll.dll
0x00007ffa535a0000 - 0x00007ffa53652000 	C:\WINDOWS\System32\KERNEL32.DLL
0x00007ffa50630000 - 0x00007ffa508d4000 	C:\WINDOWS\System32\KERNELBASE.dll
0x00007ffa51d50000 - 0x00007ffa51df3000 	C:\WINDOWS\System32\ADVAPI32.dll
0x00007ffa53860000 - 0x00007ffa538fe000 	C:\WINDOWS\System32\msvcrt.dll
0x00007ffa527b0000 - 0x00007ffa52847000 	C:\WINDOWS\System32\sechost.dll
0x00007ffa53320000 - 0x00007ffa53440000 	C:\WINDOWS\System32\RPCRT4.dll
0x00007ffa53180000 - 0x00007ffa53315000 	C:\WINDOWS\System32\USER32.dll
0x00007ffa513b0000 - 0x00007ffa513d1000 	C:\WINDOWS\System32\win32u.dll
0x00007ffa53b20000 - 0x00007ffa53b46000 	C:\WINDOWS\System32\GDI32.dll
0x00007ffa51070000 - 0x00007ffa51206000 	C:\WINDOWS\System32\gdi32full.dll
0x00007ffa51310000 - 0x00007ffa513ae000 	C:\WINDOWS\System32\msvcp_win.dll
0x00007ffa51210000 - 0x00007ffa5130a000 	C:\WINDOWS\System32\ucrtbase.dll
0x00007ffa3ad90000 - 0x00007ffa3b014000 	C:\WINDOWS\WinSxS\amd64_microsoft.windows.common-controls_6595b64144ccf1df_6.0.18362.1016_none_9e7a36bbe461dae4\COMCTL32.dll
0x00007ffa47970000 - 0x00007ffa4797a000 	C:\WINDOWS\SYSTEM32\VERSION.dll
0x00007ffa52270000 - 0x00007ffa525a5000 	C:\WINDOWS\System32\combase.dll
0x00007ffa50550000 - 0x00007ffa505d0000 	C:\WINDOWS\System32\bcryptPrimitives.dll
0x00007ffa52850000 - 0x00007ffa5287e000 	C:\WINDOWS\System32\IMM32.DLL
0x00007ffa41410000 - 0x00007ffa41426000 	C:\Program Files\Java\jdk-11.0.6\bin\vcruntime140.dll
0x00007ffa3cba0000 - 0x00007ffa3cc4a000 	C:\Program Files\Java\jdk-11.0.6\bin\msvcp140.dll
0x00007ffa1ef30000 - 0x00007ffa1fa59000 	C:\Program Files\Java\jdk-11.0.6\bin\server\jvm.dll
0x00007ffa519c0000 - 0x00007ffa519c8000 	C:\WINDOWS\System32\PSAPI.DLL
0x00007ffa3a050000 - 0x00007ffa3a059000 	C:\WINDOWS\SYSTEM32\WSOCK32.dll
0x00007ffa4dcb0000 - 0x00007ffa4dcd4000 	C:\WINDOWS\SYSTEM32\WINMM.dll
0x00007ffa51c80000 - 0x00007ffa51cef000 	C:\WINDOWS\System32\WS2_32.dll
0x00007ffa4dc80000 - 0x00007ffa4dcad000 	C:\WINDOWS\SYSTEM32\WINMMBASE.dll
0x00007ffa50500000 - 0x00007ffa5054a000 	C:\WINDOWS\System32\cfgmgr32.dll
0x00007ffa502f0000 - 0x00007ffa50301000 	C:\WINDOWS\System32\kernel.appcore.dll
0x00007ffa413f0000 - 0x00007ffa41401000 	C:\Program Files\Java\jdk-11.0.6\bin\verify.dll
0x00007ffa34910000 - 0x00007ffa34b04000 	C:\WINDOWS\SYSTEM32\DBGHELP.DLL
0x00007ffa348e0000 - 0x00007ffa3490a000 	C:\WINDOWS\SYSTEM32\dbgcore.DLL
0x00007ffa413c0000 - 0x00007ffa413e9000 	C:\Program Files\Java\jdk-11.0.6\bin\java.dll
0x00007ffa40f20000 - 0x00007ffa40f4f000 	C:\Program Files\Java\jdk-11.0.6\bin\instrument.dll
0x00007ffa413a0000 - 0x00007ffa413b6000 	C:\Program Files\Java\jdk-11.0.6\bin\zip.dll
0x00007ffa49dd0000 - 0x00007ffa49dda000 	C:\Program Files\Java\jdk-11.0.6\bin\jimage.dll
0x00007ffa52a90000 - 0x00007ffa53177000 	C:\WINDOWS\System32\SHELL32.dll
0x00007ffa53cd0000 - 0x00007ffa53d79000 	C:\WINDOWS\System32\shcore.dll
0x00007ffa508e0000 - 0x00007ffa51062000 	C:\WINDOWS\System32\windows.storage.dll
0x00007ffa50380000 - 0x00007ffa503a3000 	C:\WINDOWS\System32\profapi.dll
0x00007ffa50330000 - 0x00007ffa5037a000 	C:\WINDOWS\System32\powrprof.dll
0x00007ffa502e0000 - 0x00007ffa502f0000 	C:\WINDOWS\System32\UMPDC.dll
0x00007ffa51cf0000 - 0x00007ffa51d42000 	C:\WINDOWS\System32\shlwapi.dll
0x00007ffa513e0000 - 0x00007ffa513f7000 	C:\WINDOWS\System32\cryptsp.dll
0x00007ffa410b0000 - 0x00007ffa410c9000 	C:\Program Files\Java\jdk-11.0.6\bin\net.dll
0x00007ffa47990000 - 0x00007ffa47a80000 	C:\WINDOWS\SYSTEM32\WINHTTP.dll
0x00007ffa4faf0000 - 0x00007ffa4fb57000 	C:\WINDOWS\system32\mswsock.dll
0x00007ffa41090000 - 0x00007ffa410a3000 	C:\Program Files\Java\jdk-11.0.6\bin\nio.dll
0x00007ffa47a80000 - 0x00007ffa47a9a000 	C:\Program Files\JetBrains\IntelliJ IDEA Community Edition 2020.1.3\bin\breakgen64.dll

dbghelp: loaded successfully - version: 4.0.5 - missing functions: none
symbol engine: initialized successfully - sym options: 0x614 - pdb path: .;C:\Program Files\Java\jdk-11.0.6\bin;C:\WINDOWS\SYSTEM32;C:\WINDOWS\WinSxS\amd64_microsoft.windows.common-controls_6595b64144ccf1df_6.0.18362.1016_none_9e7a36bbe461dae4;C:\Program Files\Java\jdk-11.0.6\bin\server;C:\Program Files\JetBrains\IntelliJ IDEA Community Edition 2020.1.3\bin

VM Arguments:
jvm_args: -javaagent:C:\Program Files\JetBrains\IntelliJ IDEA Community Edition 2020.1.3\lib\idea_rt.jar=56336:C:\Program Files\JetBrains\IntelliJ IDEA Community Edition 2020.1.3\bin -Dfile.encoding=UTF-8 
java_command: pl.adcom.sbmocktest.SbMockTestApplication
java_class_path (initial): C:\Users\Backend\Desktop\sb-mock-test\target\classes;C:\Users\Backend\.m2\repository\org\springframework\boot\spring-boot-starter-web\2.3.3.RELEASE\spring-boot-starter-web-2.3.3.RELEASE.jar;C:\Users\Backend\.m2\repository\org\springframework\boot\spring-boot-starter\2.3.3.RELEASE\spring-boot-starter-2.3.3.RELEASE.jar;C:\Users\Backend\.m2\repository\org\springframework\boot\spring-boot\2.3.3.RELEASE\spring-boot-2.3.3.RELEASE.jar;C:\Users\Backend\.m2\repository\org\springframework\boot\spring-boot-autoconfigure\2.3.3.RELEASE\spring-boot-autoconfigure-2.3.3.RELEASE.jar;C:\Users\Backend\.m2\repository\org\springframework\boot\spring-boot-starter-logging\2.3.3.RELEASE\spring-boot-starter-logging-2.3.3.RELEASE.jar;C:\Users\Backend\.m2\repository\ch\qos\logback\logback-classic\1.2.3\logback-classic-1.2.3.jar;C:\Users\Backend\.m2\repository\ch\qos\logback\logback-core\1.2.3\logback-core-1.2.3.jar;C:\Users\Backend\.m2\repository\org\apache\logging\log4j\log4j-to-slf4j\2.13.3\log4j-to-slf4j-2.13.3.jar;C:\Users\Backend\.m2\repository\org\apache\logging\log4j\log4j-api\2.13.3\log4j-api-2.13.3.jar;C:\Users\Backend\.m2\repository\org\slf4j\jul-to-slf4j\1.7.30\jul-to-slf4j-1.7.30.jar;C:\Users\Backend\.m2\repository\jakarta\annotation\jakarta.annotation-api\1.3.5\jakarta.annotation-api-1.3.5.jar;C:\Users\Backend\.m2\repository\org\yaml\snakeyaml\1.26\snakeyaml-1.26.jar;C:\Users\Backend\.m2\repository\org\springframework\boot\spring-boot-starter-json\2.3.3.RELEASE\spring-boot-starter-json-2.3.3.RELEASE.jar;C:\Users\Backend\.m2\repository\com\fasterxml\jackson\core\jackson-databind\2.11.2\jackson-databind-2.11.2.jar;C:\Users\Backend\.m2\repository\com\fasterxml\jackson\core\jackson-annotations\2.11.2\jackson-annotations-2.11.2.jar;C:\Users\Backend\.m2\repository\com\fasterxml\jackson\core\jackson-core\2.11.2\jackson-core-2.11.2.jar;C:\Users\Backend\.m2\repository\com\fasterxml\jackson\datatype\jackson-datatype-jdk8\2.11.2\jackson-datatype-jdk8-2.11.2.jar;
Launcher Type: SUN_STANDARD

[Global flags]
     intx CICompilerCount                          = 3                                         {product} {ergonomic}
     uint ConcGCThreads                            = 1                                         {product} {ergonomic}
     uint G1ConcRefinementThreads                  = 4                                         {product} {ergonomic}
   size_t G1HeapRegionSize                         = 1048576                                   {product} {ergonomic}
    uintx GCDrainStackTargetSize                   = 64                                        {product} {ergonomic}
   size_t InitialHeapSize                          = 134217728                                 {product} {ergonomic}
   size_t MarkStackSize                            = 4194304                                   {product} {ergonomic}
   size_t MaxHeapSize                              = 2122317824                                {product} {ergonomic}
   size_t MaxNewSize                               = 1272971264                                {product} {ergonomic}
   size_t MinHeapDeltaBytes                        = 1048576                                   {product} {ergonomic}
    uintx NonNMethodCodeHeapSize                   = 5830732                                {pd product} {ergonomic}
    uintx NonProfiledCodeHeapSize                  = 122913754                              {pd product} {ergonomic}
    uintx ProfiledCodeHeapSize                     = 122913754                              {pd product} {ergonomic}
    uintx ReservedCodeCacheSize                    = 251658240                              {pd product} {ergonomic}
     bool SegmentedCodeCache                       = true                                      {product} {ergonomic}
     bool UseCompressedClassPointers               = true                                 {lp64_product} {ergonomic}
     bool UseCompressedOops                        = true                                 {lp64_product} {ergonomic}
     bool UseG1GC                                  = true                                      {product} {ergonomic}
     bool UseLargePagesIndividualAllocation        = false                                  {pd product} {ergonomic}

Logging:
Log output configuration:
 #0: stdout all=warning uptime,level,tags
 #1: stderr all=off uptime,level,tags

Environment Variables:
PATH=C:\Program Files\Docker\Docker\Resources\bin;C:\Users\PC\AppData\Local\Programs\Python\Python38\Scripts\;C:\Users\PC\AppData\Local\Programs\Python\Python38\;C:\WINDOWS\system32;C:\WINDOWS;C:\WINDOWS\system32\wbem;C:\Program Files (x86)\Intel\iCLS Client;C:\Program Files\Intel\iCLS Client;C:\Program Files (x86)\Common Files\Oracle\Java\javapath;C:\WINDOWS\System32\WindowsPowerShell\v1.0;C:\Program Files\nodejs;C:\Program Files\apache-maven-3.6.0\bin;C:\WINDOWS\System32\WindowsPowerShell\v1.0;C:\Program Files\Java\jdk1.8.0_181\bin;C:\Program Files (x86)\Intel\Intel(R) Management Engine Components\DAL;C:\Program Files\Intel\Intel(R) Management Engine Components\DAL;C:\Program Files (x86)\Intel\Intel(R) Management Engine Components\IPT;C:\Program Files\Intel\Intel(R) Management Engine Components\IPT;C:\Program Files (x86)\Intel\UCRT;C:\Program Files\Intel\UCRT;C:\Program Files\apache-maven-3.6.0\bin;C:\Program Files\Git\cmd;C:\WINDOWS\System32\Wbem;C:\WINDOWS\System32\WindowsPowerShell\v1.0\;C:\WINDOWS\System32\OpenSSH\;C:\Go\bin;C:\Program Files\nodejs\;C:\ProgramData\chocolatey\bin;C:\Users\Backend\AppData\Local\Microsoft\WindowsApps;;C:\Program Files\JetBrains\IntelliJ IDEA 2020.1.2\bin;;C:\Users\Backend\AppData\Local\Programs\Microsoft VS Code\bin
USERNAME=Backend
OS=Windows_NT
PROCESSOR_IDENTIFIER=Intel64 Family 6 Model 58 Stepping 9, GenuineIntel



---------------  S Y S T E M  ---------------

OS: Windows 10 , 64 bit Build 18362 (10.0.18362.959)

CPU:total 4 (initial active 4) (2 cores per cpu, 2 threads per core) family 6 model 58 stepping 9, cmov, cx8, fxsr, mmx, sse, sse2, sse3, ssse3, sse4.1, sse4.2, popcnt, avx, aes, clmul, erms, ht, tsc, tscinvbit, tscinv

Memory: 4k page, system-wide physical 8093M (633M free)
TotalPageFile size 10141M (AvailPageFile size 5M)
current process WorkingSet (physical memory assigned to process): 68M, peak: 68M
current process commit charge ("private bytes"): 212M, peak: 212M

vm_info: Java HotSpot(TM) 64-Bit Server VM (11.0.6+8-LTS) for windows-amd64 JRE (11.0.6+8-LTS), built on Dec 11 2019 09:17:57 by "mach5one" with MS VC++ 15.5 (VS2017)

END.
