#
# There is insufficient memory for the Java Runtime Environment to continue.
# Native memory allocation (mmap) failed to map 134217728 bytes for Failed to commit area from 0x0000000081800000 to 0x0000000089800000 of length 134217728.
# Possible reasons:
#   The system is out of physical RAM or swap space
#   The process is running with CompressedOops enabled, and the Java Heap may be blocking the growth of the native heap
# Possible solutions:
#   Reduce memory load on the system
#   Increase physical memory or swap space
#   Check if swap backing store is full
#   Decrease Java heap size (-Xmx/-Xms)
#   Decrease number of Java threads
#   Decrease Java thread stack sizes (-Xss)
#   Set larger code cache with -XX:ReservedCodeCacheSize=
# This output file may be truncated or incomplete.
#
#  Out of Memory Error (t:/workspace/open/src/hotspot/os/windows/os_windows.cpp:3271), pid=8900, tid=7348
#
# JRE version:  (11.0.6+8) (build )
# Java VM: Java HotSpot(TM) 64-Bit Server VM (11.0.6+8-LTS, mixed mode, sharing, tiered, compressed oops, g1 gc, windows-amd64)
# No core dump will be written. Minidumps are not enabled by default on client versions of Windows
#

---------------  S U M M A R Y ------------

Command Line: -ea -Didea.test.cyclic.buffer.size=1048576 -javaagent:C:\Program Files\JetBrains\IntelliJ IDEA Community Edition 2020.1.3\lib\idea_rt.jar=55345:C:\Program Files\JetBrains\IntelliJ IDEA Community Edition 2020.1.3\bin -Dfile.encoding=UTF-8 com.intellij.rt.junit.JUnitStarter -ideVersion5 -junit4 pl.adcom.sbmocktest.CalculatorTests

Host: Intel(R) Core(TM) i5-3320M CPU @ 2.60GHz, 4 cores, 7G,  Windows 10 , 64 bit Build 18362 (10.0.18362.959)
Time: Sun Aug 23 21:58:49 2020 ?rodkowoeuropejski czas letni elapsed time: 0 seconds (0d 0h 0m 0s)

---------------  T H R E A D  ---------------

Current thread (0x000002d51db56800):  JavaThread "Unknown thread" [_thread_in_vm, id=7348, stack(0x000000e626c00000,0x000000e626d00000)]

Stack: [0x000000e626c00000,0x000000e626d00000]
Native frames: (J=compiled Java code, j=interpreted, Vv=VM code, C=native code)
V  [jvm.dll+0x63679a]
V  [jvm.dll+0x7755bf]
V  [jvm.dll+0x776c65]
V  [jvm.dll+0x7772d3]
V  [jvm.dll+0x25e7f8]
V  [jvm.dll+0x633c4a]
V  [jvm.dll+0x628625]
V  [jvm.dll+0x314a7c]
V  [jvm.dll+0x314902]
V  [jvm.dll+0x31a176]
V  [jvm.dll+0x36650f]
V  [jvm.dll+0x365f30]
V  [jvm.dll+0x2f1a78]
V  [jvm.dll+0x2f2bf6]
V  [jvm.dll+0x74e707]
V  [jvm.dll+0x74fe7f]
V  [jvm.dll+0x373349]
V  [jvm.dll+0x734e5e]
V  [jvm.dll+0x3e2b5d]
V  [jvm.dll+0x3e4ef1]
C  [java.exe+0x3607]
C  [java.exe+0x178dc]
C  [KERNEL32.DLL+0x17bd4]
C  [ntdll.dll+0x6ce51]


---------------  P R O C E S S  ---------------

Threads class SMR info:
_java_thread_list=0x000002d51ba6c740, length=0, elements={
}

Java Threads: ( => current thread )

Other Threads:
  0x000002d51db6d800 GCTaskThread "GC Thread#0" [stack: 0x000000e626d00000,0x000000e626e00000] [id=1968]
  0x000002d51db9e000 ConcurrentGCThread "G1 Main Marker" [stack: 0x000000e626e00000,0x000000e626f00000] [id=10880]
  0x000002d51db9f800 ConcurrentGCThread "G1 Conc#0" [stack: 0x000000e626f00000,0x000000e627000000] [id=9908]

[error occurred during error reporting (printing all threads), id 0xc0000005, EXCEPTION_ACCESS_VIOLATION (0xc0000005) at pc=0x00007ffa1f230207]

VM state:not at safepoint (not fully initialized)

VM Mutex/Monitor currently owned by a thread:  ([mutex/lock_event])
[0x000002d51db53880] Heap_lock - owner thread: 0x000002d51db56800

Heap address: 0x0000000081800000, size: 2024 MB, Compressed Oops mode: Non-zero based: 0x0000000081800000
Narrow klass base: 0x0000000000000000, Narrow klass shift: 0

GC Heap History (0 events):
No events

Deoptimization events (0 events):
No events

Classes redefined (0 events):
No events

Internal exceptions (0 events):
No events

Events (0 events):
No events


Dynamic libraries:
0x00007ff6d0f40000 - 0x00007ff6d0f87000 	C:\Program Files\Java\jdk-11.0.6\bin\java.exe
0x00007ffa53dc0000 - 0x00007ffa53fb0000 	C:\WINDOWS\SYSTEM32\ntdll.dll
0x00007ffa535a0000 - 0x00007ffa53652000 	C:\WINDOWS\System32\KERNEL32.DLL
0x00007ffa50630000 - 0x00007ffa508d4000 	C:\WINDOWS\System32\KERNELBASE.dll
0x00007ffa51d50000 - 0x00007ffa51df3000 	C:\WINDOWS\System32\ADVAPI32.dll
0x00007ffa53860000 - 0x00007ffa538fe000 	C:\WINDOWS\System32\msvcrt.dll
0x00007ffa527b0000 - 0x00007ffa52847000 	C:\WINDOWS\System32\sechost.dll
0x00007ffa53320000 - 0x00007ffa53440000 	C:\WINDOWS\System32\RPCRT4.dll
0x00007ffa53180000 - 0x00007ffa53315000 	C:\WINDOWS\System32\USER32.dll
0x00007ffa513b0000 - 0x00007ffa513d1000 	C:\WINDOWS\System32\win32u.dll
0x00007ffa53b20000 - 0x00007ffa53b46000 	C:\WINDOWS\System32\GDI32.dll
0x00007ffa51070000 - 0x00007ffa51206000 	C:\WINDOWS\System32\gdi32full.dll
0x00007ffa51310000 - 0x00007ffa513ae000 	C:\WINDOWS\System32\msvcp_win.dll
0x00007ffa51210000 - 0x00007ffa5130a000 	C:\WINDOWS\System32\ucrtbase.dll
0x00007ffa3ad90000 - 0x00007ffa3b014000 	C:\WINDOWS\WinSxS\amd64_microsoft.windows.common-controls_6595b64144ccf1df_6.0.18362.1016_none_9e7a36bbe461dae4\COMCTL32.dll
0x00007ffa47970000 - 0x00007ffa4797a000 	C:\WINDOWS\SYSTEM32\VERSION.dll
0x00007ffa52270000 - 0x00007ffa525a5000 	C:\WINDOWS\System32\combase.dll
0x00007ffa50550000 - 0x00007ffa505d0000 	C:\WINDOWS\System32\bcryptPrimitives.dll
0x00007ffa52850000 - 0x00007ffa5287e000 	C:\WINDOWS\System32\IMM32.DLL
0x00007ffa41410000 - 0x00007ffa41426000 	C:\Program Files\Java\jdk-11.0.6\bin\vcruntime140.dll
0x00007ffa3cba0000 - 0x00007ffa3cc4a000 	C:\Program Files\Java\jdk-11.0.6\bin\msvcp140.dll
0x00007ffa1ef30000 - 0x00007ffa1fa59000 	C:\Program Files\Java\jdk-11.0.6\bin\server\jvm.dll
0x00007ffa519c0000 - 0x00007ffa519c8000 	C:\WINDOWS\System32\PSAPI.DLL
0x00007ffa4dcb0000 - 0x00007ffa4dcd4000 	C:\WINDOWS\SYSTEM32\WINMM.dll
0x00007ffa3a050000 - 0x00007ffa3a059000 	C:\WINDOWS\SYSTEM32\WSOCK32.dll
0x00007ffa51c80000 - 0x00007ffa51cef000 	C:\WINDOWS\System32\WS2_32.dll
0x00007ffa4dc80000 - 0x00007ffa4dcad000 	C:\WINDOWS\SYSTEM32\WINMMBASE.dll
0x00007ffa50500000 - 0x00007ffa5054a000 	C:\WINDOWS\System32\cfgmgr32.dll
0x00007ffa502f0000 - 0x00007ffa50301000 	C:\WINDOWS\System32\kernel.appcore.dll
0x00007ffa413f0000 - 0x00007ffa41401000 	C:\Program Files\Java\jdk-11.0.6\bin\verify.dll
0x00007ffa34910000 - 0x00007ffa34b04000 	C:\WINDOWS\SYSTEM32\DBGHELP.DLL
0x00007ffa348e0000 - 0x00007ffa3490a000 	C:\WINDOWS\SYSTEM32\dbgcore.DLL
0x00007ffa413c0000 - 0x00007ffa413e9000 	C:\Program Files\Java\jdk-11.0.6\bin\java.dll
0x00007ffa41520000 - 0x00007ffa4154f000 	C:\Program Files\Java\jdk-11.0.6\bin\instrument.dll
0x00007ffa413a0000 - 0x00007ffa413b6000 	C:\Program Files\Java\jdk-11.0.6\bin\zip.dll
0x00007ffa49dd0000 - 0x00007ffa49dda000 	C:\Program Files\Java\jdk-11.0.6\bin\jimage.dll

dbghelp: loaded successfully - version: 4.0.5 - missing functions: none
symbol engine: initialized successfully - sym options: 0x614 - pdb path: .;C:\Program Files\Java\jdk-11.0.6\bin;C:\WINDOWS\SYSTEM32;C:\WINDOWS\WinSxS\amd64_microsoft.windows.common-controls_6595b64144ccf1df_6.0.18362.1016_none_9e7a36bbe461dae4;C:\Program Files\Java\jdk-11.0.6\bin\server

VM Arguments:
jvm_args: -ea -Didea.test.cyclic.buffer.size=1048576 -javaagent:C:\Program Files\JetBrains\IntelliJ IDEA Community Edition 2020.1.3\lib\idea_rt.jar=55345:C:\Program Files\JetBrains\IntelliJ IDEA Community Edition 2020.1.3\bin -Dfile.encoding=UTF-8 
java_command: com.intellij.rt.junit.JUnitStarter -ideVersion5 -junit4 pl.adcom.sbmocktest.CalculatorTests
java_class_path (initial): C:\Program Files\JetBrains\IntelliJ IDEA Community Edition 2020.1.3\lib\idea_rt.jar;C:\Program Files\JetBrains\IntelliJ IDEA Community Edition 2020.1.3\plugins\junit\lib\junit5-rt.jar;C:\Program Files\JetBrains\IntelliJ IDEA Community Edition 2020.1.3\plugins\junit\lib\junit-rt.jar;C:\Users\Backend\Desktop\sb-mock-test\target\test-classes;C:\Users\Backend\Desktop\sb-mock-test\target\classes;C:\Users\Backend\.m2\repository\org\springframework\boot\spring-boot-starter-web\2.3.3.RELEASE\spring-boot-starter-web-2.3.3.RELEASE.jar;C:\Users\Backend\.m2\repository\org\springframework\boot\spring-boot-starter\2.3.3.RELEASE\spring-boot-starter-2.3.3.RELEASE.jar;C:\Users\Backend\.m2\repository\org\springframework\boot\spring-boot\2.3.3.RELEASE\spring-boot-2.3.3.RELEASE.jar;C:\Users\Backend\.m2\repository\org\springframework\boot\spring-boot-autoconfigure\2.3.3.RELEASE\spring-boot-autoconfigure-2.3.3.RELEASE.jar;C:\Users\Backend\.m2\repository\org\springframework\boot\spring-boot-starter-logging\2.3.3.RELEASE\spring-boot-starter-logging-2.3.3.RELEASE.jar;C:\Users\Backend\.m2\repository\ch\qos\logback\logback-classic\1.2.3\logback-classic-1.2.3.jar;C:\Users\Backend\.m2\repository\ch\qos\logback\logback-core\1.2.3\logback-core-1.2.3.jar;C:\Users\Backend\.m2\repository\org\apache\logging\log4j\log4j-to-slf4j\2.13.3\log4j-to-slf4j-2.13.3.jar;C:\Users\Backend\.m2\repository\org\apache\logging\log4j\log4j-api\2.13.3\log4j-api-2.13.3.jar;C:\Users\Backend\.m2\repository\org\slf4j\jul-to-slf4j\1.7.30\jul-to-slf4j-1.7.30.jar;C:\Users\Backend\.m2\repository\jakarta\annotation\jakarta.annotation-api\1.3.5\jakarta.annotation-api-1.3.5.jar;C:\Users\Backend\.m2\repository\org\yaml\snakeyaml\1.26\snakeyaml-1.26.jar;C:\Users\Backend\.m2\repository\org\springframework\boot\spring-boot-starter-json\2.3.3.RELEASE\spring-boot-starter-json-2.3.3.RELEASE.jar;C:\Users\Backend\.m2\repository\com\fasterxml\jackson\core\jackson-databind\2.11.2\jackson-databind-2.11.2.jar;C:\U
Launcher Type: SUN_STANDARD

[Global flags]
     intx CICompilerCount                          = 3                                         {product} {ergonomic}
     uint ConcGCThreads                            = 1                                         {product} {ergonomic}
     uint G1ConcRefinementThreads                  = 4                                         {product} {ergonomic}
   size_t G1HeapRegionSize                         = 1048576                                   {product} {ergonomic}
    uintx GCDrainStackTargetSize                   = 64                                        {product} {ergonomic}
   size_t InitialHeapSize                          = 134217728                                 {product} {ergonomic}
   size_t MarkStackSize                            = 4194304                                   {product} {ergonomic}
   size_t MaxHeapSize                              = 2122317824                                {product} {ergonomic}
   size_t MinHeapDeltaBytes                        = 1048576                                   {product} {ergonomic}
    uintx NonNMethodCodeHeapSize                   = 5830732                                {pd product} {ergonomic}
    uintx NonProfiledCodeHeapSize                  = 122913754                              {pd product} {ergonomic}
    uintx ProfiledCodeHeapSize                     = 122913754                              {pd product} {ergonomic}
    uintx ReservedCodeCacheSize                    = 251658240                              {pd product} {ergonomic}
     bool SegmentedCodeCache                       = true                                      {product} {ergonomic}
     bool UseCompressedClassPointers               = true                                 {lp64_product} {ergonomic}
     bool UseCompressedOops                        = true                                 {lp64_product} {ergonomic}
     bool UseG1GC                                  = true                                      {product} {ergonomic}
     bool UseLargePagesIndividualAllocation        = false                                  {pd product} {ergonomic}

Logging:
Log output configuration:
 #0: stdout all=warning uptime,level,tags
 #1: stderr all=off uptime,level,tags

Environment Variables:
PATH=C:\Program Files\Docker\Docker\Resources\bin;C:\Users\PC\AppData\Local\Programs\Python\Python38\Scripts\;C:\Users\PC\AppData\Local\Programs\Python\Python38\;C:\WINDOWS\system32;C:\WINDOWS;C:\WINDOWS\system32\wbem;C:\Program Files (x86)\Intel\iCLS Client;C:\Program Files\Intel\iCLS Client;C:\Program Files (x86)\Common Files\Oracle\Java\javapath;C:\WINDOWS\System32\WindowsPowerShell\v1.0;C:\Program Files\nodejs;C:\Program Files\apache-maven-3.6.0\bin;C:\WINDOWS\System32\WindowsPowerShell\v1.0;C:\Program Files\Java\jdk1.8.0_181\bin;C:\Program Files (x86)\Intel\Intel(R) Management Engine Components\DAL;C:\Program Files\Intel\Intel(R) Management Engine Components\DAL;C:\Program Files (x86)\Intel\Intel(R) Management Engine Components\IPT;C:\Program Files\Intel\Intel(R) Management Engine Components\IPT;C:\Program Files (x86)\Intel\UCRT;C:\Program Files\Intel\UCRT;C:\Program Files\apache-maven-3.6.0\bin;C:\Program Files\Git\cmd;C:\WINDOWS\System32\Wbem;C:\WINDOWS\System32\WindowsPowerShell\v1.0\;C:\WINDOWS\System32\OpenSSH\;C:\Go\bin;C:\Program Files\nodejs\;C:\ProgramData\chocolatey\bin;C:\Users\Backend\AppData\Local\Microsoft\WindowsApps;;C:\Program Files\JetBrains\IntelliJ IDEA 2020.1.2\bin;;C:\Users\Backend\AppData\Local\Programs\Microsoft VS Code\bin
USERNAME=Backend
OS=Windows_NT
PROCESSOR_IDENTIFIER=Intel64 Family 6 Model 58 Stepping 9, GenuineIntel



---------------  S Y S T E M  ---------------

OS: Windows 10 , 64 bit Build 18362 (10.0.18362.959)

CPU:total 4 (initial active 4) (2 cores per cpu, 2 threads per core) family 6 model 58 stepping 9, cmov, cx8, fxsr, mmx, sse, sse2, sse3, ssse3, sse4.1, sse4.2, popcnt, avx, aes, clmul, erms, ht, tsc, tscinvbit, tscinv

Memory: 4k page, system-wide physical 8093M (658M free)
TotalPageFile size 10141M (AvailPageFile size 89M)
current process WorkingSet (physical memory assigned to process): 10M, peak: 10M
current process commit charge ("private bytes"): 51M, peak: 179M

vm_info: Java HotSpot(TM) 64-Bit Server VM (11.0.6+8-LTS) for windows-amd64 JRE (11.0.6+8-LTS), built on Dec 11 2019 09:17:57 by "mach5one" with MS VC++ 15.5 (VS2017)

END.
